     1 00000000                                 [FORMAT "WCOFF"]
     2 00000000                                 [INSTRSET "i486p"]
     3 00000000                                 [OPTIMIZE 1]
     4 00000000                                 [OPTION 1]
     5 00000000                                 [BITS 32]
     6 00000000                                 	EXTERN	_table_rgb.0
     7 00000000                                 	EXTERN	_io_load_eflags
     8 00000000                                 	EXTERN	_io_cli
     9 00000000                                 	EXTERN	_io_out8
    10 00000000                                 	EXTERN	_io_store_eflags
    11 00000000                                 	EXTERN	_hankaku
    12 00000000                                 [FILE "graphics.c"]
    13                                          [SECTION .data]
    14 00000000                                 _table_rgb.0:
    15 00000000 00                              	DB	0
    16 00000001 00                              	DB	0
    17 00000002 00                              	DB	0
    18 00000003 FF                              	DB	-1
    19 00000004 00                              	DB	0
    20 00000005 00                              	DB	0
    21 00000006 00                              	DB	0
    22 00000007 FF                              	DB	-1
    23 00000008 00                              	DB	0
    24 00000009 FF                              	DB	-1
    25 0000000A FF                              	DB	-1
    26 0000000B 00                              	DB	0
    27 0000000C 00                              	DB	0
    28 0000000D 00                              	DB	0
    29 0000000E FF                              	DB	-1
    30 0000000F FF                              	DB	-1
    31 00000010 00                              	DB	0
    32 00000011 FF                              	DB	-1
    33 00000012 00                              	DB	0
    34 00000013 FF                              	DB	-1
    35 00000014 FF                              	DB	-1
    36 00000015 FF                              	DB	-1
    37 00000016 FF                              	DB	-1
    38 00000017 FF                              	DB	-1
    39 00000018 C6                              	DB	-58
    40 00000019 C6                              	DB	-58
    41 0000001A C6                              	DB	-58
    42 0000001B 84                              	DB	-124
    43 0000001C 00                              	DB	0
    44 0000001D 00                              	DB	0
    45 0000001E 00                              	DB	0
    46 0000001F 84                              	DB	-124
    47 00000020 00                              	DB	0
    48 00000021 84                              	DB	-124
    49 00000022 84                              	DB	-124
    50 00000023 00                              	DB	0
    51 00000024 00                              	DB	0
    52 00000025 00                              	DB	0
    53 00000026 84                              	DB	-124
    54 00000027 84                              	DB	-124
    55 00000028 00                              	DB	0
    56 00000029 84                              	DB	-124
    57 0000002A 00                              	DB	0
    58 0000002B 84                              	DB	-124
    59 0000002C 84                              	DB	-124
    60 0000002D 84                              	DB	-124
    61 0000002E 84                              	DB	-124
    62 0000002F 84                              	DB	-124
    63                                          [SECTION .text]
    64 00000000                                 	GLOBAL	_init_palette
    65 00000000                                 _init_palette:
    66 00000000 55                              	PUSH	EBP
    67 00000001 89 E5                           	MOV	EBP,ESP
    68 00000003 68 [00000000]                   	PUSH	_table_rgb.0
    69 00000008 6A 0F                           	PUSH	15
    70 0000000A 6A 00                           	PUSH	0
    71 0000000C E8 00000002                     	CALL	_set_palette
    72 00000011 C9                              	LEAVE
    73 00000012 C3                              	RET
    74 00000013                                 	GLOBAL	_set_palette
    75 00000013                                 _set_palette:
    76 00000013 55                              	PUSH	EBP
    77 00000014 89 E5                           	MOV	EBP,ESP
    78 00000016 57                              	PUSH	EDI
    79 00000017 56                              	PUSH	ESI
    80 00000018 53                              	PUSH	EBX
    81 00000019 51                              	PUSH	ECX
    82 0000001A 8B 5D 08                        	MOV	EBX,DWORD [8+EBP]
    83 0000001D 8B 7D 0C                        	MOV	EDI,DWORD [12+EBP]
    84 00000020 8B 75 10                        	MOV	ESI,DWORD [16+EBP]
    85 00000023 E8 [00000000]                   	CALL	_io_load_eflags
    86 00000028 89 45 F0                        	MOV	DWORD [-16+EBP],EAX
    87 0000002B E8 [00000000]                   	CALL	_io_cli
    88 00000030 53                              	PUSH	EBX
    89 00000031 68 000003C8                     	PUSH	968
    90 00000036 E8 [00000000]                   	CALL	_io_out8
    91 0000003B 39 FB                           	CMP	EBX,EDI
    92 0000003D 58                              	POP	EAX
    93 0000003E 5A                              	POP	EDX
    94 0000003F 7E 12                           	JLE	L7
    95 00000041                                 L9:
    96 00000041 8B 45 F0                        	MOV	EAX,DWORD [-16+EBP]
    97 00000044 89 45 08                        	MOV	DWORD [8+EBP],EAX
    98 00000047 8D 65 F4                        	LEA	ESP,DWORD [-12+EBP]
    99 0000004A 5B                              	POP	EBX
   100 0000004B 5E                              	POP	ESI
   101 0000004C 5F                              	POP	EDI
   102 0000004D 5D                              	POP	EBP
   103 0000004E E9 [00000000]                   	JMP	_io_store_eflags
   104 00000053                                 L7:
   105 00000053 8A 06                           	MOV	AL,BYTE [ESI]
   106 00000055 43                              	INC	EBX
   107 00000056 C0 E8 02                        	SHR	AL,2
   108 00000059 0F B6 C0                        	MOVZX	EAX,AL
   109 0000005C 50                              	PUSH	EAX
   110 0000005D 68 000003C9                     	PUSH	969
   111 00000062 E8 [00000000]                   	CALL	_io_out8
   112 00000067 8A 46 01                        	MOV	AL,BYTE [1+ESI]
   113 0000006A C0 E8 02                        	SHR	AL,2
   114 0000006D 0F B6 C0                        	MOVZX	EAX,AL
   115 00000070 50                              	PUSH	EAX
   116 00000071 68 000003C9                     	PUSH	969
   117 00000076 E8 [00000000]                   	CALL	_io_out8
   118 0000007B 8A 46 02                        	MOV	AL,BYTE [2+ESI]
   119 0000007E C0 E8 02                        	SHR	AL,2
   120 00000081 83 C6 03                        	ADD	ESI,3
   121 00000084 0F B6 C0                        	MOVZX	EAX,AL
   122 00000087 50                              	PUSH	EAX
   123 00000088 68 000003C9                     	PUSH	969
   124 0000008D E8 [00000000]                   	CALL	_io_out8
   125 00000092 83 C4 18                        	ADD	ESP,24
   126 00000095 39 FB                           	CMP	EBX,EDI
   127 00000097 7E BA                           	JLE	L7
   128 00000099 EB A6                           	JMP	L9
   129 0000009B                                 	GLOBAL	_boxfill8
   130 0000009B                                 _boxfill8:
   131 0000009B 55                              	PUSH	EBP
   132 0000009C 89 E5                           	MOV	EBP,ESP
   133 0000009E 57                              	PUSH	EDI
   134 0000009F 56                              	PUSH	ESI
   135 000000A0 53                              	PUSH	EBX
   136 000000A1 83 EC 0C                        	SUB	ESP,12
   137 000000A4 8B 7D 1C                        	MOV	EDI,DWORD [28+EBP]
   138 000000A7 8A 45 10                        	MOV	AL,BYTE [16+EBP]
   139 000000AA 8B 5D 14                        	MOV	EBX,DWORD [20+EBP]
   140 000000AD 8B 75 20                        	MOV	ESI,DWORD [32+EBP]
   141 000000B0 88 45 F3                        	MOV	BYTE [-13+EBP],AL
   142 000000B3 39 FB                           	CMP	EBX,EDI
   143 000000B5 7F 2C                           	JG	L22
   144 000000B7                                 L20:
   145 000000B7 8B 4D 18                        	MOV	ECX,DWORD [24+EBP]
   146 000000BA 39 F1                           	CMP	ECX,ESI
   147 000000BC 7F 20                           	JG	L24
   148 000000BE 8B 55 0C                        	MOV	EDX,DWORD [12+EBP]
   149 000000C1 8B 45 08                        	MOV	EAX,DWORD [8+EBP]
   150 000000C4 0F AF D1                        	IMUL	EDX,ECX
   151 000000C7 01 D8                           	ADD	EAX,EBX
   152 000000C9 89 45 EC                        	MOV	DWORD [-20+EBP],EAX
   153 000000CC 89 D0                           	MOV	EAX,EDX
   154 000000CE 03 45 EC                        	ADD	EAX,DWORD [-20+EBP]
   155 000000D1                                 L19:
   156 000000D1 8A 55 F3                        	MOV	DL,BYTE [-13+EBP]
   157 000000D4 41                              	INC	ECX
   158 000000D5 88 10                           	MOV	BYTE [EAX],DL
   159 000000D7 03 45 0C                        	ADD	EAX,DWORD [12+EBP]
   160 000000DA 39 F1                           	CMP	ECX,ESI
   161 000000DC 7E F3                           	JLE	L19
   162 000000DE                                 L24:
   163 000000DE 43                              	INC	EBX
   164 000000DF 39 FB                           	CMP	EBX,EDI
   165 000000E1 7E D4                           	JLE	L20
   166 000000E3                                 L22:
   167 000000E3 83 C4 0C                        	ADD	ESP,12
   168 000000E6 5B                              	POP	EBX
   169 000000E7 5E                              	POP	ESI
   170 000000E8 5F                              	POP	EDI
   171 000000E9 5D                              	POP	EBP
   172 000000EA C3                              	RET
   173 000000EB                                 	GLOBAL	_init_screen
   174 000000EB                                 _init_screen:
   175 000000EB 55                              	PUSH	EBP
   176 000000EC 89 E5                           	MOV	EBP,ESP
   177 000000EE 57                              	PUSH	EDI
   178 000000EF 56                              	PUSH	ESI
   179 000000F0 53                              	PUSH	EBX
   180 000000F1 83 EC 0C                        	SUB	ESP,12
   181 000000F4 8B 45 10                        	MOV	EAX,DWORD [16+EBP]
   182 000000F7 8B 7D 0C                        	MOV	EDI,DWORD [12+EBP]
   183 000000FA 83 E8 1D                        	SUB	EAX,29
   184 000000FD 4F                              	DEC	EDI
   185 000000FE 50                              	PUSH	EAX
   186 000000FF 57                              	PUSH	EDI
   187 00000100 6A 00                           	PUSH	0
   188 00000102 6A 00                           	PUSH	0
   189 00000104 6A 0E                           	PUSH	14
   190 00000106 FF 75 0C                        	PUSH	DWORD [12+EBP]
   191 00000109 FF 75 08                        	PUSH	DWORD [8+EBP]
   192 0000010C E8 FFFFFF8A                     	CALL	_boxfill8
   193 00000111 8B 45 10                        	MOV	EAX,DWORD [16+EBP]
   194 00000114 83 E8 1C                        	SUB	EAX,28
   195 00000117 50                              	PUSH	EAX
   196 00000118 57                              	PUSH	EDI
   197 00000119 50                              	PUSH	EAX
   198 0000011A 6A 00                           	PUSH	0
   199 0000011C 6A 08                           	PUSH	8
   200 0000011E FF 75 0C                        	PUSH	DWORD [12+EBP]
   201 00000121 FF 75 08                        	PUSH	DWORD [8+EBP]
   202 00000124 E8 FFFFFF72                     	CALL	_boxfill8
   203 00000129 8B 45 10                        	MOV	EAX,DWORD [16+EBP]
   204 0000012C 83 C4 38                        	ADD	ESP,56
   205 0000012F 83 E8 1B                        	SUB	EAX,27
   206 00000132 50                              	PUSH	EAX
   207 00000133 57                              	PUSH	EDI
   208 00000134 50                              	PUSH	EAX
   209 00000135 6A 00                           	PUSH	0
   210 00000137 6A 07                           	PUSH	7
   211 00000139 FF 75 0C                        	PUSH	DWORD [12+EBP]
   212 0000013C FF 75 08                        	PUSH	DWORD [8+EBP]
   213 0000013F E8 FFFFFF57                     	CALL	_boxfill8
   214 00000144 8B 45 10                        	MOV	EAX,DWORD [16+EBP]
   215 00000147 48                              	DEC	EAX
   216 00000148 50                              	PUSH	EAX
   217 00000149 8B 45 10                        	MOV	EAX,DWORD [16+EBP]
   218 0000014C 57                              	PUSH	EDI
   219 0000014D 83 E8 1A                        	SUB	EAX,26
   220 00000150 50                              	PUSH	EAX
   221 00000151 6A 00                           	PUSH	0
   222 00000153 6A 08                           	PUSH	8
   223 00000155 FF 75 0C                        	PUSH	DWORD [12+EBP]
   224 00000158 FF 75 08                        	PUSH	DWORD [8+EBP]
   225 0000015B E8 FFFFFF3B                     	CALL	_boxfill8
   226 00000160 8B 75 10                        	MOV	ESI,DWORD [16+EBP]
   227 00000163 83 C4 38                        	ADD	ESP,56
   228 00000166 83 EE 18                        	SUB	ESI,24
   229 00000169 56                              	PUSH	ESI
   230 0000016A 6A 3B                           	PUSH	59
   231 0000016C 56                              	PUSH	ESI
   232 0000016D 6A 03                           	PUSH	3
   233 0000016F 6A 07                           	PUSH	7
   234 00000171 FF 75 0C                        	PUSH	DWORD [12+EBP]
   235 00000174 FF 75 08                        	PUSH	DWORD [8+EBP]
   236 00000177 E8 FFFFFF1F                     	CALL	_boxfill8
   237 0000017C 8B 45 10                        	MOV	EAX,DWORD [16+EBP]
   238 0000017F 83 E8 04                        	SUB	EAX,4
   239 00000182 50                              	PUSH	EAX
   240 00000183 89 45 F0                        	MOV	DWORD [-16+EBP],EAX
   241 00000186 6A 02                           	PUSH	2
   242 00000188 56                              	PUSH	ESI
   243 00000189 6A 02                           	PUSH	2
   244 0000018B 6A 07                           	PUSH	7
   245 0000018D FF 75 0C                        	PUSH	DWORD [12+EBP]
   246 00000190 FF 75 08                        	PUSH	DWORD [8+EBP]
   247 00000193 E8 FFFFFF03                     	CALL	_boxfill8
   248 00000198 83 C4 38                        	ADD	ESP,56
   249 0000019B FF 75 F0                        	PUSH	DWORD [-16+EBP]
   250 0000019E 6A 3B                           	PUSH	59
   251 000001A0 FF 75 F0                        	PUSH	DWORD [-16+EBP]
   252 000001A3 6A 03                           	PUSH	3
   253 000001A5 6A 0F                           	PUSH	15
   254 000001A7 FF 75 0C                        	PUSH	DWORD [12+EBP]
   255 000001AA FF 75 08                        	PUSH	DWORD [8+EBP]
   256 000001AD E8 FFFFFEE9                     	CALL	_boxfill8
   257 000001B2 8B 45 10                        	MOV	EAX,DWORD [16+EBP]
   258 000001B5 83 E8 05                        	SUB	EAX,5
   259 000001B8 50                              	PUSH	EAX
   260 000001B9 8B 45 10                        	MOV	EAX,DWORD [16+EBP]
   261 000001BC 6A 3B                           	PUSH	59
   262 000001BE 83 E8 17                        	SUB	EAX,23
   263 000001C1 50                              	PUSH	EAX
   264 000001C2 89 45 EC                        	MOV	DWORD [-20+EBP],EAX
   265 000001C5 6A 3B                           	PUSH	59
   266 000001C7 6A 0F                           	PUSH	15
   267 000001C9 FF 75 0C                        	PUSH	DWORD [12+EBP]
   268 000001CC FF 75 08                        	PUSH	DWORD [8+EBP]
   269 000001CF E8 FFFFFEC7                     	CALL	_boxfill8
   270 000001D4 8B 45 10                        	MOV	EAX,DWORD [16+EBP]
   271 000001D7 83 C4 38                        	ADD	ESP,56
   272 000001DA 83 E8 03                        	SUB	EAX,3
   273 000001DD 89 45 E8                        	MOV	DWORD [-24+EBP],EAX
   274 000001E0 50                              	PUSH	EAX
   275 000001E1 6A 3B                           	PUSH	59
   276 000001E3 50                              	PUSH	EAX
   277 000001E4 6A 02                           	PUSH	2
   278 000001E6 6A 00                           	PUSH	0
   279 000001E8 FF 75 0C                        	PUSH	DWORD [12+EBP]
   280 000001EB FF 75 08                        	PUSH	DWORD [8+EBP]
   281 000001EE E8 FFFFFEA8                     	CALL	_boxfill8
   282 000001F3 FF 75 E8                        	PUSH	DWORD [-24+EBP]
   283 000001F6 6A 3C                           	PUSH	60
   284 000001F8 56                              	PUSH	ESI
   285 000001F9 6A 3C                           	PUSH	60
   286 000001FB 6A 00                           	PUSH	0
   287 000001FD FF 75 0C                        	PUSH	DWORD [12+EBP]
   288 00000200 FF 75 08                        	PUSH	DWORD [8+EBP]
   289 00000203 E8 FFFFFE93                     	CALL	_boxfill8
   290 00000208 8B 7D 0C                        	MOV	EDI,DWORD [12+EBP]
   291 0000020B 83 C4 38                        	ADD	ESP,56
   292 0000020E 8B 5D 0C                        	MOV	EBX,DWORD [12+EBP]
   293 00000211 83 EB 04                        	SUB	EBX,4
   294 00000214 83 EF 2F                        	SUB	EDI,47
   295 00000217 56                              	PUSH	ESI
   296 00000218 53                              	PUSH	EBX
   297 00000219 56                              	PUSH	ESI
   298 0000021A 57                              	PUSH	EDI
   299 0000021B 6A 0F                           	PUSH	15
   300 0000021D FF 75 0C                        	PUSH	DWORD [12+EBP]
   301 00000220 FF 75 08                        	PUSH	DWORD [8+EBP]
   302 00000223 E8 FFFFFE73                     	CALL	_boxfill8
   303 00000228 FF 75 F0                        	PUSH	DWORD [-16+EBP]
   304 0000022B 57                              	PUSH	EDI
   305 0000022C FF 75 EC                        	PUSH	DWORD [-20+EBP]
   306 0000022F 57                              	PUSH	EDI
   307 00000230 6A 0F                           	PUSH	15
   308 00000232 FF 75 0C                        	PUSH	DWORD [12+EBP]
   309 00000235 FF 75 08                        	PUSH	DWORD [8+EBP]
   310 00000238 E8 FFFFFE5E                     	CALL	_boxfill8
   311 0000023D 83 C4 38                        	ADD	ESP,56
   312 00000240 FF 75 E8                        	PUSH	DWORD [-24+EBP]
   313 00000243 53                              	PUSH	EBX
   314 00000244 FF 75 E8                        	PUSH	DWORD [-24+EBP]
   315 00000247 57                              	PUSH	EDI
   316 00000248 6A 07                           	PUSH	7
   317 0000024A FF 75 0C                        	PUSH	DWORD [12+EBP]
   318 0000024D FF 75 08                        	PUSH	DWORD [8+EBP]
   319 00000250 E8 FFFFFE46                     	CALL	_boxfill8
   320 00000255 8B 45 0C                        	MOV	EAX,DWORD [12+EBP]
   321 00000258 FF 75 E8                        	PUSH	DWORD [-24+EBP]
   322 0000025B 83 E8 03                        	SUB	EAX,3
   323 0000025E 50                              	PUSH	EAX
   324 0000025F 56                              	PUSH	ESI
   325 00000260 50                              	PUSH	EAX
   326 00000261 6A 07                           	PUSH	7
   327 00000263 FF 75 0C                        	PUSH	DWORD [12+EBP]
   328 00000266 FF 75 08                        	PUSH	DWORD [8+EBP]
   329 00000269 E8 FFFFFE2D                     	CALL	_boxfill8
   330 0000026E 8D 65 F4                        	LEA	ESP,DWORD [-12+EBP]
   331 00000271 5B                              	POP	EBX
   332 00000272 5E                              	POP	ESI
   333 00000273 5F                              	POP	EDI
   334 00000274 5D                              	POP	EBP
   335 00000275 C3                              	RET
   336 00000276                                 	GLOBAL	_puttext8
   337 00000276                                 _puttext8:
   338 00000276 55                              	PUSH	EBP
   339 00000277 89 E5                           	MOV	EBP,ESP
   340 00000279 57                              	PUSH	EDI
   341 0000027A 56                              	PUSH	ESI
   342 0000027B 53                              	PUSH	EBX
   343 0000027C 53                              	PUSH	EBX
   344 0000027D 8B 5D 1C                        	MOV	EBX,DWORD [28+EBP]
   345 00000280 8A 45 18                        	MOV	AL,BYTE [24+EBP]
   346 00000283 88 45 F3                        	MOV	BYTE [-13+EBP],AL
   347 00000286 8B 75 10                        	MOV	ESI,DWORD [16+EBP]
   348 00000289 8B 7D 14                        	MOV	EDI,DWORD [20+EBP]
   349 0000028C 80 3B 00                        	CMP	BYTE [EBX],0
   350 0000028F 75 08                           	JNE	L31
   351 00000291                                 L33:
   352 00000291 8D 65 F4                        	LEA	ESP,DWORD [-12+EBP]
   353 00000294 5B                              	POP	EBX
   354 00000295 5E                              	POP	ESI
   355 00000296 5F                              	POP	EDI
   356 00000297 5D                              	POP	EBP
   357 00000298 C3                              	RET
   358 00000299                                 L31:
   359 00000299 0F BE 03                        	MOVSX	EAX,BYTE [EBX]
   360 0000029C C1 E0 04                        	SAL	EAX,4
   361 0000029F 43                              	INC	EBX
   362 000002A0 05 [00000000]                   	ADD	EAX,_hankaku
   363 000002A5 50                              	PUSH	EAX
   364 000002A6 0F BE 45 F3                     	MOVSX	EAX,BYTE [-13+EBP]
   365 000002AA 50                              	PUSH	EAX
   366 000002AB 57                              	PUSH	EDI
   367 000002AC 56                              	PUSH	ESI
   368 000002AD 83 C6 08                        	ADD	ESI,8
   369 000002B0 FF 75 0C                        	PUSH	DWORD [12+EBP]
   370 000002B3 FF 75 08                        	PUSH	DWORD [8+EBP]
   371 000002B6 E8 0000000A                     	CALL	_putfont8
   372 000002BB 83 C4 18                        	ADD	ESP,24
   373 000002BE 80 3B 00                        	CMP	BYTE [EBX],0
   374 000002C1 75 D6                           	JNE	L31
   375 000002C3 EB CC                           	JMP	L33
   376 000002C5                                 	GLOBAL	_putfont8
   377 000002C5                                 _putfont8:
   378 000002C5 55                              	PUSH	EBP
   379 000002C6 89 E5                           	MOV	EBP,ESP
   380 000002C8 57                              	PUSH	EDI
   381 000002C9 56                              	PUSH	ESI
   382 000002CA 31 F6                           	XOR	ESI,ESI
   383 000002CC 53                              	PUSH	EBX
   384 000002CD 8B 7D 1C                        	MOV	EDI,DWORD [28+EBP]
   385 000002D0 8A 5D 18                        	MOV	BL,BYTE [24+EBP]
   386 000002D3                                 L47:
   387 000002D3 8B 45 14                        	MOV	EAX,DWORD [20+EBP]
   388 000002D6 8B 55 10                        	MOV	EDX,DWORD [16+EBP]
   389 000002D9 01 F0                           	ADD	EAX,ESI
   390 000002DB 0F AF 45 0C                     	IMUL	EAX,DWORD [12+EBP]
   391 000002DF 03 45 08                        	ADD	EAX,DWORD [8+EBP]
   392 000002E2 8D 0C 02                        	LEA	ECX,DWORD [EDX+EAX*1]
   393 000002E5 8A 14 3E                        	MOV	DL,BYTE [ESI+EDI*1]
   394 000002E8 84 D2                           	TEST	DL,DL
   395 000002EA 79 02                           	JNS	L39
   396 000002EC 88 19                           	MOV	BYTE [ECX],BL
   397 000002EE                                 L39:
   398 000002EE 88 D0                           	MOV	AL,DL
   399 000002F0 83 E0 40                        	AND	EAX,64
   400 000002F3 84 C0                           	TEST	AL,AL
   401 000002F5 74 03                           	JE	L40
   402 000002F7 88 59 01                        	MOV	BYTE [1+ECX],BL
   403 000002FA                                 L40:
   404 000002FA 88 D0                           	MOV	AL,DL
   405 000002FC 83 E0 20                        	AND	EAX,32
   406 000002FF 84 C0                           	TEST	AL,AL
   407 00000301 74 03                           	JE	L41
   408 00000303 88 59 02                        	MOV	BYTE [2+ECX],BL
   409 00000306                                 L41:
   410 00000306 88 D0                           	MOV	AL,DL
   411 00000308 83 E0 10                        	AND	EAX,16
   412 0000030B 84 C0                           	TEST	AL,AL
   413 0000030D 74 03                           	JE	L42
   414 0000030F 88 59 03                        	MOV	BYTE [3+ECX],BL
   415 00000312                                 L42:
   416 00000312 88 D0                           	MOV	AL,DL
   417 00000314 83 E0 08                        	AND	EAX,8
   418 00000317 84 C0                           	TEST	AL,AL
   419 00000319 74 03                           	JE	L43
   420 0000031B 88 59 04                        	MOV	BYTE [4+ECX],BL
   421 0000031E                                 L43:
   422 0000031E 88 D0                           	MOV	AL,DL
   423 00000320 83 E0 04                        	AND	EAX,4
   424 00000323 84 C0                           	TEST	AL,AL
   425 00000325 74 03                           	JE	L44
   426 00000327 88 59 05                        	MOV	BYTE [5+ECX],BL
   427 0000032A                                 L44:
   428 0000032A 88 D0                           	MOV	AL,DL
   429 0000032C 83 E0 02                        	AND	EAX,2
   430 0000032F 84 C0                           	TEST	AL,AL
   431 00000331 74 03                           	JE	L45
   432 00000333 88 59 06                        	MOV	BYTE [6+ECX],BL
   433 00000336                                 L45:
   434 00000336 83 E2 01                        	AND	EDX,1
   435 00000339 84 D2                           	TEST	DL,DL
   436 0000033B 74 03                           	JE	L37
   437 0000033D 88 59 07                        	MOV	BYTE [7+ECX],BL
   438 00000340                                 L37:
   439 00000340 46                              	INC	ESI
   440 00000341 83 FE 0F                        	CMP	ESI,15
   441 00000344 7E 8D                           	JLE	L47
   442 00000346 5B                              	POP	EBX
   443 00000347 5E                              	POP	ESI
   444 00000348 5F                              	POP	EDI
   445 00000349 5D                              	POP	EBP
   446 0000034A C3                              	RET
   447                                          [SECTION .data]
   448 00000030                                 _cursor.1:
   449 00000030 2A 2A 2A 2A 2A 2A 2A 2A 2A 2A   	DB	"**************.."
       0000003A 2A 2A 2A 2A 2E 2E 
   450 00000040 2A 4F 4F 4F 4F 4F 4F 4F 4F 4F   	DB	"*OOOOOOOOOOO*..."
       0000004A 4F 4F 2A 2E 2E 2E 
   451 00000050 2A 4F 4F 4F 4F 4F 4F 4F 4F 4F   	DB	"*OOOOOOOOOO*...."
       0000005A 4F 2A 2E 2E 2E 2E 
   452 00000060 2A 4F 4F 4F 4F 4F 4F 4F 4F 4F   	DB	"*OOOOOOOOO*....."
       0000006A 2A 2E 2E 2E 2E 2E 
   453 00000070 2A 4F 4F 4F 4F 4F 4F 4F 4F 2A   	DB	"*OOOOOOOO*......"
       0000007A 2E 2E 2E 2E 2E 2E 
   454 00000080 2A 4F 4F 4F 4F 4F 4F 4F 2A 2E   	DB	"*OOOOOOO*......."
       0000008A 2E 2E 2E 2E 2E 2E 
   455 00000090 2A 4F 4F 4F 4F 4F 4F 4F 2A 2E   	DB	"*OOOOOOO*......."
       0000009A 2E 2E 2E 2E 2E 2E 
   456 000000A0 2A 4F 4F 4F 4F 4F 4F 4F 4F 2A   	DB	"*OOOOOOOO*......"
       000000AA 2E 2E 2E 2E 2E 2E 
   457 000000B0 2A 4F 4F 4F 4F 2A 2A 4F 4F 4F   	DB	"*OOOO**OOO*....."
       000000BA 2A 2E 2E 2E 2E 2E 
   458 000000C0 2A 4F 4F 4F 2A 2E 2E 2A 4F 4F   	DB	"*OOO*..*OOO*...."
       000000CA 4F 2A 2E 2E 2E 2E 
   459 000000D0 2A 4F 4F 2A 2E 2E 2E 2E 2A 4F   	DB	"*OO*....*OOO*..."
       000000DA 4F 4F 2A 2E 2E 2E 
   460 000000E0 2A 4F 2A 2E 2E 2E 2E 2E 2E 2A   	DB	"*O*......*OOO*.."
       000000EA 4F 4F 4F 2A 2E 2E 
   461 000000F0 2A 2A 2E 2E 2E 2E 2E 2E 2E 2E   	DB	"**........*OOO*."
       000000FA 2A 4F 4F 4F 2A 2E 
   462 00000100 2A 2E 2E 2E 2E 2E 2E 2E 2E 2E   	DB	"*..........*OOO*"
       0000010A 2E 2A 4F 4F 4F 2A 
   463 00000110 2E 2E 2E 2E 2E 2E 2E 2E 2E 2E   	DB	"............*OO*"
       0000011A 2E 2E 2A 4F 4F 2A 
   464 00000120 2E 2E 2E 2E 2E 2E 2E 2E 2E 2E   	DB	".............***"
       0000012A 2E 2E 2E 2A 2A 2A 
   465                                          [SECTION .text]
   466 0000034B                                 	GLOBAL	_init_mouse_cursor8
   467 0000034B                                 _init_mouse_cursor8:
   468 0000034B 55                              	PUSH	EBP
   469 0000034C 89 E5                           	MOV	EBP,ESP
   470 0000034E 57                              	PUSH	EDI
   471 0000034F 56                              	PUSH	ESI
   472 00000350 53                              	PUSH	EBX
   473 00000351 31 DB                           	XOR	EBX,EBX
   474 00000353 57                              	PUSH	EDI
   475 00000354 31 FF                           	XOR	EDI,EDI
   476 00000356 8A 45 0C                        	MOV	AL,BYTE [12+EBP]
   477 00000359 8B 75 08                        	MOV	ESI,DWORD [8+EBP]
   478 0000035C 88 45 F3                        	MOV	BYTE [-13+EBP],AL
   479 0000035F                                 L63:
   480 0000035F 31 D2                           	XOR	EDX,EDX
   481 00000361                                 L62:
   482 00000361 8D 04 3A                        	LEA	EAX,DWORD [EDX+EDI*1]
   483 00000364 80 B8 [00000030] 2A             	CMP	BYTE [_cursor.1+EAX],42
   484 0000036B 74 35                           	JE	L68
   485 0000036D                                 L59:
   486 0000036D 80 B8 [00000030] 4F             	CMP	BYTE [_cursor.1+EAX],79
   487 00000374 74 26                           	JE	L69
   488 00000376                                 L60:
   489 00000376 80 B8 [00000030] 2E             	CMP	BYTE [_cursor.1+EAX],46
   490 0000037D 74 15                           	JE	L70
   491 0000037F                                 L57:
   492 0000037F 42                              	INC	EDX
   493 00000380 83 FA 0F                        	CMP	EDX,15
   494 00000383 7E DC                           	JLE	L62
   495 00000385 43                              	INC	EBX
   496 00000386 83 C7 10                        	ADD	EDI,16
   497 00000389 83 FB 0F                        	CMP	EBX,15
   498 0000038C 7E D1                           	JLE	L63
   499 0000038E 5E                              	POP	ESI
   500 0000038F 5B                              	POP	EBX
   501 00000390 5E                              	POP	ESI
   502 00000391 5F                              	POP	EDI
   503 00000392 5D                              	POP	EBP
   504 00000393 C3                              	RET
   505 00000394                                 L70:
   506 00000394 8A 4D F3                        	MOV	CL,BYTE [-13+EBP]
   507 00000397 88 0C 30                        	MOV	BYTE [EAX+ESI*1],CL
   508 0000039A EB E3                           	JMP	L57
   509 0000039C                                 L69:
   510 0000039C C6 04 30 07                     	MOV	BYTE [EAX+ESI*1],7
   511 000003A0 EB D4                           	JMP	L60
   512 000003A2                                 L68:
   513 000003A2 C6 04 30 00                     	MOV	BYTE [EAX+ESI*1],0
   514 000003A6 EB C5                           	JMP	L59
   515 000003A8                                 	GLOBAL	_putblock8_8
   516 000003A8                                 _putblock8_8:
   517 000003A8 55                              	PUSH	EBP
   518 000003A9 89 E5                           	MOV	EBP,ESP
   519 000003AB 57                              	PUSH	EDI
   520 000003AC 56                              	PUSH	ESI
   521 000003AD 31 F6                           	XOR	ESI,ESI
   522 000003AF 53                              	PUSH	EBX
   523 000003B0 83 EC 0C                        	SUB	ESP,12
   524 000003B3 3B 75 14                        	CMP	ESI,DWORD [20+EBP]
   525 000003B6 7D 3E                           	JGE	L83
   526 000003B8 31 FF                           	XOR	EDI,EDI
   527 000003BA                                 L81:
   528 000003BA 31 DB                           	XOR	EBX,EBX
   529 000003BC 3B 5D 10                        	CMP	EBX,DWORD [16+EBP]
   530 000003BF 7D 2C                           	JGE	L85
   531 000003C1 8B 45 20                        	MOV	EAX,DWORD [32+EBP]
   532 000003C4 01 F8                           	ADD	EAX,EDI
   533 000003C6 89 45 EC                        	MOV	DWORD [-20+EBP],EAX
   534 000003C9                                 L80:
   535 000003C9 8B 45 1C                        	MOV	EAX,DWORD [28+EBP]
   536 000003CC 8B 55 18                        	MOV	EDX,DWORD [24+EBP]
   537 000003CF 01 F0                           	ADD	EAX,ESI
   538 000003D1 01 DA                           	ADD	EDX,EBX
   539 000003D3 0F AF 45 0C                     	IMUL	EAX,DWORD [12+EBP]
   540 000003D7 01 D0                           	ADD	EAX,EDX
   541 000003D9 8B 4D 08                        	MOV	ECX,DWORD [8+EBP]
   542 000003DC 8B 55 EC                        	MOV	EDX,DWORD [-20+EBP]
   543 000003DF 43                              	INC	EBX
   544 000003E0 8A 12                           	MOV	DL,BYTE [EDX]
   545 000003E2 88 14 08                        	MOV	BYTE [EAX+ECX*1],DL
   546 000003E5 FF 45 EC                        	INC	DWORD [-20+EBP]
   547 000003E8 3B 5D 10                        	CMP	EBX,DWORD [16+EBP]
   548 000003EB 7C DC                           	JL	L80
   549 000003ED                                 L85:
   550 000003ED 46                              	INC	ESI
   551 000003EE 03 7D 24                        	ADD	EDI,DWORD [36+EBP]
   552 000003F1 3B 75 14                        	CMP	ESI,DWORD [20+EBP]
   553 000003F4 7C C4                           	JL	L81
   554 000003F6                                 L83:
   555 000003F6 83 C4 0C                        	ADD	ESP,12
   556 000003F9 5B                              	POP	EBX
   557 000003FA 5E                              	POP	ESI
   558 000003FB 5F                              	POP	EDI
   559 000003FC 5D                              	POP	EBP
   560 000003FD C3                              	RET
