     1  = 0000000A                                      CYLS  EQU  10
     2                                                  ORG  0x7c00
     3 00007C00 EB 4E                                   JMP  entry
     4 00007C02 90                                      DB  0x90
     5 00007C03 48 41 52 49 42 4F 54 45                 DB  "HARIBOTE"
     6 00007C0B 0200                                    DW  512
     7 00007C0D 01                                      DB  1
     8 00007C0E 0001                                    DW  1
     9 00007C10 02                                      DB  2
    10 00007C11 00E0                                    DW  224
    11 00007C13 0B40                                    DW  2880
    12 00007C15 F0                                      DB  0xf0
    13 00007C16 0009                                    DW  9
    14 00007C18 0012                                    DW  18
    15 00007C1A 0002                                    DW  2
    16 00007C1C 00000000                                DD  0
    17 00007C20 00000B40                                DD  2880
    18 00007C24 00 00 29                                DB  0,0,0x29
    19 00007C27 FFFFFFFF                                DD  0xffffffff
    20 00007C2B 48 41 52 49 42 4F 54 45 4F 53           DB  "HARIBOTEOS "
       00007C35 20 
    21 00007C36 46 41 54 31 32 20 20 20                 DB  "FAT12   "
    22 00007C3E 00 00 00 00 00 00 00 00 00 00           RESB  18
       00007C48 00 00 00 00 00 00 00 00 
    23 00007C50                                 
    24 00007C50                                 entry:
    25 00007C50 B8 0000                                 MOV  AX,0
    26 00007C53 8E D0                                   MOV  SS,AX
    27 00007C55 BC 7C00                                 MOV  SP,0x7c00
    28 00007C58 8E D8                                   MOV  DS,AX
    29 00007C5A                                 
    30 00007C5A B8 0820                                 MOV  AX,0x0820
    31 00007C5D 8E C0                                   MOV  ES,AX
    32 00007C5F B5 00                                   MOV  CH,0
    33 00007C61 B6 00                                   MOV  DH,0
    34 00007C63 B1 02                                   MOV  CL,2
    35 00007C65                                 readloop:
    36 00007C65 BE 0000                                 MOV  SI,0
    37 00007C68                                 retry:
    38 00007C68 B4 02                                   MOV  AH,0x02
    39 00007C6A B0 01                                   MOV  AL,1
    40 00007C6C BB 0000                                 MOV  BX,0
    41 00007C6F B2 00                                   MOV  DL,0x00
    42 00007C71 CD 13                                   INT  0x13
    43 00007C73 73 10                                   JNC  next
    44 00007C75 83 C6 01                                ADD  SI,1
    45 00007C78 83 FE 05                                CMP  SI,5
    46 00007C7B 73 35                                   JAE  error
    47 00007C7D B4 00                                   MOV  AH,0x00
    48 00007C7F B2 00                                   MOV  DL,0x00
    49 00007C81 CD 13                                   INT  0x13
    50 00007C83 EB E3                                   JMP  retry
    51 00007C85                                 next:
    52 00007C85 8C C0                                   MOV  AX,ES
    53 00007C87 05 0020                                 ADD  AX,0x0020
    54 00007C8A 8E C0                                   MOV  ES,AX
    55 00007C8C 80 C1 01                                ADD  CL,1
    56 00007C8F 80 F9 12                                CMP  CL,18
    57 00007C92 76 D1                                   JBE  readloop
    58 00007C94 B1 01                                   MOV  CL,1
    59 00007C96 80 C6 01                                ADD  DH,1
    60 00007C99 80 FE 02                                CMP  DH,2
    61 00007C9C 72 C7                                   JB   readloop
    62 00007C9E B6 00                                   MOV  DH,0
    63 00007CA0 80 C5 01                                ADD  CH,1
    64 00007CA3 80 FD 0A                                CMP  CH,CYLS
    65 00007CA6 72 BD                                   JB   readloop
    66 00007CA8                                 
    67 00007CA8 88 2E 0FF0                              MOV  [0x0ff0],CH
    68 00007CAC E9 4551                                 JMP  0xc200
    69 00007CAF                                 fin:
    70 00007CAF F4                                      HLT
    71 00007CB0 EB FD                                   JMP  fin
    72 00007CB2                                 error:
    73 00007CB2 BE 7CC7                                 MOV  SI,msg
    74 00007CB5                                 putloop:
    75 00007CB5 8A 04                                   MOV  AL,[SI]
    76 00007CB7 83 C6 01                                ADD  SI,1
    77 00007CBA 3C 00                                   CMP  AL,0
    78 00007CBC 74 F1                                   JE   fin
    79 00007CBE B4 0E                                   MOV  AH,0x0e
    80 00007CC0 BB 000F                                 MOV  BX,15
    81 00007CC3 CD 10                                   INT  0x10
    82 00007CC5 EB EE                                   JMP  putloop
    83 00007CC7                                 msg:
    84 00007CC7 0A 0A                                   DB  0x0a,0x0a
    85 00007CC9 6C 6F 61 64 20 65 72 72 6F 72           DB  "load error"
    86 00007CD3 0A                                      DB  0x0a
    87 00007CD4 00                                      DB  0
    88 00007CD5 00 00 00 00 00 00 00 00 00 00           RESB  0x7dfe-$
       00007CDF 00 00 00 00 00 00 00 00 00 00 
       00007CE9 00 00 00 00 00 00 00 00 00 00 
       00007CF3 00 00 00 00 00 00 00 00 00 00 
       00007CFD 00 00 00 00 00 00 00 00 00 00 
       00007D07 00 00 00 00 00 00 00 00 00 00 
       00007D11 00 00 00 00 00 00 00 00 00 00 
       00007D1B 00 00 00 00 00 00 00 00 00 00 
       00007D25 00 00 00 00 00 00 00 00 00 00 
       00007D2F 00 00 00 00 00 00 00 00 00 00 
       00007D39 00 00 00 00 00 00 00 00 00 00 
       00007D43 00 00 00 00 00 00 00 00 00 00 
       00007D4D 00 00 00 00 00 00 00 00 00 00 
       00007D57 00 00 00 00 00 00 00 00 00 00 
       00007D61 00 00 00 00 00 00 00 00 00 00 
       00007D6B 00 00 00 00 00 00 00 00 00 00 
       00007D75 00 00 00 00 00 00 00 00 00 00 
       00007D7F 00 00 00 00 00 00 00 00 00 00 
       00007D89 00 00 00 00 00 00 00 00 00 00 
       00007D93 00 00 00 00 00 00 00 00 00 00 
       00007D9D 00 00 00 00 00 00 00 00 00 00 
       00007DA7 00 00 00 00 00 00 00 00 00 00 
       00007DB1 00 00 00 00 00 00 00 00 00 00 
       00007DBB 00 00 00 00 00 00 00 00 00 00 
       00007DC5 00 00 00 00 00 00 00 00 00 00 
       00007DCF 00 00 00 00 00 00 00 00 00 00 
       00007DD9 00 00 00 00 00 00 00 00 00 00 
       00007DE3 00 00 00 00 00 00 00 00 00 00 
       00007DED 00 00 00 00 00 00 00 00 00 00 
       00007DF7 00 00 00 00 00 00 00 
    89 00007DFE 55 AA                                   DB  0x55,0xaa
    90 00007E00                                 
